2022-06-23 23:35:34.539 [main] INFO   - Pricing calculator page open!
2022-06-23 23:35:39.920 [main] INFO   - Operation system field is filled! 
2022-06-23 23:35:40.660 [main] INFO   - Machine type field is filled! 
2022-06-23 23:35:40.812 [main] INFO   - Number of instances field is filled! 
2022-06-23 23:35:40.962 [main] INFO   - Add GPU checkbox is marked!
2022-06-23 23:35:41.007 [main] INFO   - Page is scroll to Sole Tenant Nodes field
2022-06-23 23:35:41.799 [main] INFO   - Gpu type field is filled!
2022-06-23 23:35:41.821 [main] INFO   - Page is scroll to Sole Tenant Nodes field
2022-06-23 23:35:42.615 [main] INFO   - Number of GPU field is filled!
2022-06-23 23:35:43.391 [main] INFO   - Local SSD field is filled!
2022-06-23 23:35:44.343 [main] INFO   - Region field is filled!
2022-06-23 23:35:45.158 [main] INFO   - Commited usage field is filled!
2022-06-23 23:35:45.424 [main] INFO   - Add estimate button is clicked
2022-06-23 23:35:48.759 [main] INFO   - New tab Yopmail.com is opened
2022-06-23 23:36:24.705 [main] INFO   - Pricing calculator page open!
2022-06-23 23:36:33.378 [main] INFO   - Operation system field is filled! 
2022-06-23 23:36:34.122 [main] INFO   - Machine type field is filled! 
2022-06-23 23:36:34.268 [main] INFO   - Number of instances field is filled! 
2022-06-23 23:36:34.412 [main] INFO   - Add GPU checkbox is marked!
2022-06-23 23:36:34.450 [main] INFO   - Page is scroll to Sole Tenant Nodes field
2022-06-23 23:36:35.201 [main] INFO   - Gpu type field is filled!
2022-06-23 23:36:35.219 [main] INFO   - Page is scroll to Sole Tenant Nodes field
2022-06-23 23:36:35.932 [main] INFO   - Number of GPU field is filled!
2022-06-23 23:36:36.662 [main] INFO   - Local SSD field is filled!
2022-06-23 23:36:37.516 [main] INFO   - Region field is filled!
2022-06-23 23:36:38.278 [main] INFO   - Commited usage field is filled!
2022-06-23 23:36:38.505 [main] INFO   - Add estimate button is clicked
